<?xml version="1.0" encoding="UTF-8"?>
<!-- Generated by org.testng.reporters.JUnitReportReporter -->
<testsuite hostname="HDLCAMPUS4771" failures="0" tests="1" name="InheriteFromParentX" time="0.016" errors="0" timestamp="2024-06-19T16:01:24 IST" skipped="0">
  <testcase classname="InheriteFromParentX" name="testRun" time="0.016"/>
  <system-out/>
</testsuite> <!-- InheriteFromParentX -->
