<?xml version="1.0" encoding="UTF-8"?>
<!-- Generated by org.testng.reporters.JUnitReportReporter -->
<testsuite hostname="HDLCAMPUS4771" failures="0" tests="1" name="HardCoding.Test2" time="6.050" errors="0" timestamp="2024-06-23T16:53:53 IST" skipped="0">
  <testcase classname="HardCoding.Test2" name="StreamEx" time="6.050"/>
</testsuite> <!-- HardCoding.Test2 -->
