<?xml version="1.0" encoding="UTF-8"?>
<!-- Generated by org.testng.reporters.JUnitReportReporter -->
<testsuite hostname="HDLCAMPUS4771" failures="0" tests="1" name="mypracticeassignments.tests.hardcoding" time="28.772" errors="0" timestamp="2024-06-26T14:58:55 IST" skipped="0">
  <testcase classname="mypracticeassignments.tests.hardcoding" name="submit" time="28.772"/>
</testsuite> <!-- mypracticeassignments.tests.hardcoding -->
