<?xml version="1.0" encoding="UTF-8"?>
<!-- Generated by org.testng.reporters.JUnitReportReporter -->
<testsuite hostname="HDLCAMPUS4771" failures="0" tests="1" name="test.day2" time="0.018" errors="0" timestamp="2024-06-16T16:49:54 IST" skipped="0">
  <testcase classname="test.day2" name="onlythisInclude1" time="0.018"/>
  <system-out/>
</testsuite> <!-- test.day2 -->
