<?xml version="1.0" encoding="UTF-8"?>
<!-- Generated by org.testng.reporters.JUnitReportReporter -->
<testsuite hostname="HDLCAMPUS4771" failures="0" tests="7" name="test.DependsOnMethodsxx" time="0.040" errors="0" timestamp="2024-06-16T12:30:36 IST" skipped="0">
  <testcase classname="test.DependsOnMethodsxx" name="jobb" time="0.003"/>
  <system-out/>
  <testcase classname="test.DependsOnMethodsxx" name="ABCLoginAPIHomeLoan" time="0.020"/>
  <system-out/>
  <testcase classname="test.DependsOnMethodsxx" name="ABCMobileLoginHomeLoan" time="0.004"/>
  <system-out/>
  <testcase classname="test.DependsOnMethodsxx" name="WebLoginHomeLoan" time="0.004"/>
  <system-out/>
  <testcase classname="test.DependsOnMethodsxx" name="ABCWebLoginHomeLoan" time="0.003"/>
  <system-out/>
  <testcase classname="test.DependsOnMethodsxx" name="LoginAPIHomeLoan" time="0.003"/>
  <system-out/>
  <testcase classname="test.DependsOnMethodsxx" name="MobileLoginHomeLoan" time="0.003"/>
  <system-out/>
</testsuite> <!-- test.DependsOnMethodsxx -->
