<?xml version="1.0" encoding="UTF-8"?>
<!-- Generated by org.testng.reporters.JUnitReportReporter -->
<testsuite hostname="HDLCAMPUS4771" failures="0" tests="4" name="test.parametrizationxx" time="0.018" errors="0" timestamp="2024-06-16T12:59:55 IST" skipped="0">
  <testcase classname="test.parametrizationxx" name="BMethod" time="0.002"/>
  <system-out/>
  <testcase classname="test.parametrizationxx" name="Demo" time="0.004"/>
  <system-out/>
  <testcase classname="test.parametrizationxx" name="jobb" time="0.001"/>
  <system-out/>
  <testcase classname="test.parametrizationxx" name="AMethod" time="0.011"/>
  <system-out/>
</testsuite> <!-- test.parametrizationxx -->
