<?xml version="1.0" encoding="UTF-8"?>
<!-- Generated by org.testng.reporters.JUnitReportReporter -->
<testsuite hostname="HDLCAMPUS4771" failures="0" tests="3" name="test.day3" time="0.027" errors="0" timestamp="2024-06-16T16:49:54 IST" skipped="0">
  <testcase classname="test.day3" name="LoginAPIHomeLoan" time="0.020"/>
  <system-out/>
  <testcase classname="test.day3" name="MobileLoginHomeLoan" time="0.002"/>
  <system-out/>
  <testcase classname="test.day3" name="WebLoginHomeLoan" time="0.005"/>
  <system-out/>
</testsuite> <!-- test.day3 -->
