<?xml version="1.0" encoding="UTF-8"?>
<!-- Generated by org.testng.reporters.JUnitReportReporter -->
<testsuite hostname="HDLCAMPUS4771" failures="0" tests="3" name="test.DataProviderxx" time="0.018" errors="0" timestamp="2024-06-16T16:24:24 IST" skipped="0">
  <testcase classname="test.DataProviderxx" name="Demo" time="0.012"/>
  <system-out/>
  <testcase classname="test.DataProviderxx" name="Demo" time="0.004"/>
  <system-out/>
  <testcase classname="test.DataProviderxx" name="Demo" time="0.002"/>
  <system-out/>
</testsuite> <!-- test.DataProviderxx -->
