<?xml version="1.0" encoding="UTF-8"?>
<!-- Generated by org.testng.reporters.JUnitReportReporter -->
<testsuite hostname="HDLCAMPUS4771" failures="0" tests="7" name="test.day4" time="0.015" errors="0" timestamp="2024-06-16T12:07:03 IST" skipped="0">
  <testcase classname="test.day4" name="ABCMobileLoginHomeLoan" time="0.003"/>
  <system-out/>
  <testcase classname="test.day4" name="jobb" time="0.002"/>
  <system-out/>
  <testcase classname="test.day4" name="WebLoginHomeLoan" time="0.001"/>
  <system-out/>
  <testcase classname="test.day4" name="MobileLoginHomeLoan" time="0.005"/>
  <system-out/>
  <testcase classname="test.day4" name="ABCLoginAPIHomeLoan" time="0.002"/>
  <system-out/>
  <testcase classname="test.day4" name="LoginAPIHomeLoan" time="0.001"/>
  <system-out/>
  <testcase classname="test.day4" name="ABCWebLoginHomeLoan" time="0.001"/>
  <system-out/>
</testsuite> <!-- test.day4 -->
