<?xml version="1.0" encoding="UTF-8"?>
<!-- Generated by org.testng.reporters.JUnitReportReporter -->
<testsuite hostname="HDLCAMPUS4771" failures="0" tests="1" name="test.day5" time="0.002" errors="0" timestamp="2024-06-16T12:18:15 IST" skipped="0">
  <testcase classname="test.day5" name="WebLoginHomeLoan" time="0.002"/>
  <system-out/>
</testsuite> <!-- test.day5 -->
