<?xml version="1.0" encoding="UTF-8"?>
<!-- Generated by org.testng.reporters.JUnitReportReporter -->
<testsuite hostname="HDLCAMPUS4771" failures="0" tests="2" name="test.day1" time="0.013" errors="0" timestamp="2024-06-16T16:49:54 IST" skipped="0">
  <testcase classname="test.day1" name="jobb" time="0.007"/>
  <system-out/>
  <testcase classname="test.day1" name="Demo" time="0.006"/>
  <system-out/>
</testsuite> <!-- test.day1 -->
