<?xml version="1.0" encoding="UTF-8"?>
<!-- Generated by org.testng.reporters.JUnitReportReporter -->
<testsuite hostname="HDLCAMPUS4771" failures="0" tests="4" name="Maven_Testng.Maven_Testng.Java_Streams" time="0.035" errors="0" timestamp="2024-06-09T14:59:35 IST" skipped="0">
  <testcase classname="Maven_Testng.Maven_Testng.Java_Streams" name="SingleStepStream" time="0.004"/>
  <testcase classname="Maven_Testng.Maven_Testng.Java_Streams" name="StreamFilter" time="0.015"/>
  <testcase classname="Maven_Testng.Maven_Testng.Java_Streams" name="Regular" time="0.012"/>
  <testcase classname="Maven_Testng.Maven_Testng.Java_Streams" name="SystematicWay" time="0.004"/>
</testsuite> <!-- Maven_Testng.Maven_Testng.Java_Streams -->
