<?xml version="1.0" encoding="UTF-8"?>
<!-- Generated by org.testng.reporters.JUnitReportReporter -->
<testsuite hostname="HDLCAMPUS4771" failures="0" tests="1" name="Maven_Testng.Maven_Testng.MapMethod" time="0.017" errors="0" timestamp="2024-06-10T14:59:21 IST" skipped="0">
  <testcase classname="Maven_Testng.Maven_Testng.MapMethod" name="Assignment" time="0.017"/>
</testsuite> <!-- Maven_Testng.Maven_Testng.MapMethod -->
