<?xml version="1.0" encoding="UTF-8"?>
<!-- Generated by org.testng.reporters.JUnitReportReporter -->
<testsuite hostname="HDLCAMPUS4771" failures="0" tests="1" name="Maven_Testng.Maven_Testng.StreamsExampleWebpage" time="7.881" errors="0" timestamp="2024-06-23T14:52:46 IST" skipped="0">
  <testcase classname="Maven_Testng.Maven_Testng.StreamsExampleWebpage" name="StreamEx" time="7.881"/>
</testsuite> <!-- Maven_Testng.Maven_Testng.StreamsExampleWebpage -->
