<?xml version="1.0" encoding="UTF-8"?>
<!-- Generated by org.testng.reporters.JUnitReportReporter -->
<testsuite hostname="HDLCAMPUS4771" failures="0" tests="1" name="Maven_Testng.Maven_Testng.FilterUsingStreams" time="6.829" errors="0" timestamp="2024-06-18T18:12:46 IST" skipped="0">
  <testcase classname="Maven_Testng.Maven_Testng.FilterUsingStreams" name="Filter" time="6.829"/>
</testsuite> <!-- Maven_Testng.Maven_Testng.FilterUsingStreams -->
