<?xml version="1.0" encoding="UTF-8"?>
<!-- Generated by org.testng.reporters.JUnitReportReporter -->
<testsuite hostname="HDLCAMPUS4771" failures="0" tests="1" name="mypractice.tests.ErrorsHanding" time="7.908" errors="0" timestamp="2024-06-26T15:44:08 IST" skipped="0">
  <testcase classname="mypractice.tests.ErrorsHanding" name="submitorder" time="7.908"/>
</testsuite> <!-- mypractice.tests.ErrorsHanding -->
