<?xml version="1.0" encoding="UTF-8"?>
<!-- Generated by org.testng.reporters.JUnitReportReporter -->
<testsuite hostname="HDLCAMPUS4771" failures="0" tests="3" name="mypractice.tests.POMStandaloneTest" time="36.938" errors="0" timestamp="2024-07-02T14:54:48 IST" skipped="0">
  <testcase classname="mypractice.tests.POMStandaloneTest" name="submitorder" time="13.709"/>
  <testcase classname="mypractice.tests.POMStandaloneTest" name="submitorder" time="16.883"/>
  <testcase classname="mypractice.tests.POMStandaloneTest" name="OrderHistoryTest" time="6.346"/>
</testsuite> <!-- mypractice.tests.POMStandaloneTest -->
