<?xml version="1.0" encoding="UTF-8"?>
<!-- Generated by org.testng.reporters.JUnitReportReporter -->
<testsuite hostname="HDLCAMPUS4771" failures="0" tests="1" name="MyAssiggnmentPracticeFrameWork.ExtentReports.ExtentReportDemo" time="8.181" errors="0" timestamp="2024-06-30T19:32:14 IST" skipped="0">
  <testcase classname="MyAssiggnmentPracticeFrameWork.ExtentReports.ExtentReportDemo" name="invokeDriver" time="8.181"/>
</testsuite> <!-- MyAssiggnmentPracticeFrameWork.ExtentReports.ExtentReportDemo -->
